<?xml version="1.0" encoding="UTF-8"?>
<testng-results ignored="0" total="1" passed="1" failed="0" skipped="0">
  <reporter-output>
    <line>
      <![CDATA[PASS -- Launched Chrome browser successfully]]>
    </line>
    <line>
      <![CDATA[PASS -- Application URL: http://automationpractice.com/index.php]]>
    </line>
    <line>
      <![CDATA[PASS -- Window Title :My Store]]>
    </line>
    <line>
      <![CDATA[PASS -- Log in page displayed successfully]]>
    </line>
    <line>
      <![CDATA[PASS -- Username Matched]]>
    </line>
    <line>
      <![CDATA[PASS -- User is logged out successfully]]>
    </line>
  </reporter-output>
  <suite started-at="2021-06-20T17:09:02 EDT" name="Default suite" finished-at="2021-06-20T17:09:13 EDT" duration-ms="10976">
    <groups>
    </groups>
    <test started-at="2021-06-20T17:09:02 EDT" name="Default test" finished-at="2021-06-20T17:09:13 EDT" duration-ms="10976">
      <class name="com.rt.test.Test01">
        <test-method signature="signinToTheApplication()[pri:0, instance:com.rt.test.Test01@2525ff7e]" started-at="2021-06-20T17:09:02 EDT" name="signinToTheApplication" finished-at="2021-06-20T17:09:13 EDT" duration-ms="10928" status="PASS">
          <reporter-output>
            <line>
              <![CDATA[PASS -- Launched Chrome browser successfully]]>
            </line>
            <line>
              <![CDATA[PASS -- Application URL: http://automationpractice.com/index.php]]>
            </line>
            <line>
              <![CDATA[PASS -- Window Title :My Store]]>
            </line>
            <line>
              <![CDATA[PASS -- Log in page displayed successfully]]>
            </line>
            <line>
              <![CDATA[PASS -- Username Matched]]>
            </line>
            <line>
              <![CDATA[PASS -- User is logged out successfully]]>
            </line>
          </reporter-output>
        </test-method> <!-- signinToTheApplication -->
      </class> <!-- com.rt.test.Test01 -->
    </test> <!-- Default test -->
  </suite> <!-- Default suite -->
</testng-results>
